# Logfile created on 2016-08-14 19:17:11 -0400 by logger.rb/54362
D, [2016-08-14T19:22:11.486446 #87268] DEBUG -- : DRAGONFLY: shell command: '/usr/local/bin/convert' '/var/folders/70/8qsz1w6x2nnfv0rh08sfzdsm0000gp/T/dragonfly20160814-87268-11qjfak.100' '-resize' '100x100^^' '-gravity' 'Center' '-crop' '100x100+0+0' '+repage' '/var/folders/70/8qsz1w6x2nnfv0rh08sfzdsm0000gp/T/dragonfly20160814-87268-u4eehy'
I, [2016-08-14T19:22:12.059114 #87268]  INFO -- : DRAGONFLY: GET /steam/dynamic/W1siZnUiLCJodHRwOi8vbG9yZW1mbGlja3IuY29tLzEwMC8xMDAiXSxbInAiLCJ0aHVtYiIsIjEwMHgxMDAjIl1d/3821d4283f5e3ed9/100 200
D, [2016-08-21T15:13:15.328899 #12657] DEBUG -- : DRAGONFLY: shell command: '/usr/local/bin/convert' '/var/folders/70/8qsz1w6x2nnfv0rh08sfzdsm0000gp/T/dragonfly20160821-12657-iufobl.100' '-resize' '100x100^^' '-gravity' 'Center' '-crop' '100x100+0+0' '+repage' '/var/folders/70/8qsz1w6x2nnfv0rh08sfzdsm0000gp/T/dragonfly20160821-12657-33duwb'
I, [2016-08-21T15:13:15.885485 #12657]  INFO -- : DRAGONFLY: GET /steam/dynamic/W1siZnUiLCJodHRwOi8vbG9yZW1mbGlja3IuY29tLzEwMC8xMDAiXSxbInAiLCJ0aHVtYiIsIjEwMHgxMDAjIl1d/3821d4283f5e3ed9/100 200
D, [2016-08-28T18:55:17.505239 #96521] DEBUG -- : DRAGONFLY: shell command: '/usr/local/bin/convert' '/Users/manny/code/client_websites/theavatar.org/public/tmp/tmp.jpg' '-resize' '500x' '/var/folders/70/8qsz1w6x2nnfv0rh08sfzdsm0000gp/T/dragonfly20160828-96521-1amb69i.jpg'
W, [2016-08-28T18:55:18.240659 #96521]  WARN -- : DRAGONFLY: caught error - Command failed ('/usr/local/bin/convert' '/Users/manny/code/client_websites/theavatar.org/public/tmp/tmp.jpg' '-resize' '500x' '/var/folders/70/8qsz1w6x2nnfv0rh08sfzdsm0000gp/T/dragonfly20160828-96521-1amb69i.jpg') with exit status 1 and stderr convert: unable to open image `/Users/manny/code/client_websites/theavatar.org/public/tmp/tmp.jpg': No such file or directory @ error/blob.c/OpenBlob/2642.
convert: no images defined `/var/folders/70/8qsz1w6x2nnfv0rh08sfzdsm0000gp/T/dragonfly20160828-96521-1amb69i.jpg' @ error/convert.c/ConvertImageCommand/3044.

I, [2016-08-28T18:55:18.241246 #96521]  INFO -- : DRAGONFLY: GET /steam/dynamic/W1siZmYiLCIvVXNlcnMvbWFubnkvY29kZS9jbGllbnRfd2Vic2l0ZXMvdGhlYXZhdGFyLm9yZy9wdWJsaWMvdG1wL3RtcC5qcGciXSxbInAiLCJ0aHVtYiIsIjUwMHgiXV0/5e0b23823d36f4f4/tmp.jpg 500
D, [2016-08-28T19:01:01.948054 #96521] DEBUG -- : DRAGONFLY: shell command: '/usr/local/bin/convert' '/Users/manny/code/client_websites/theavatar.org/public/tmp/tmp.jpg' '-resize' '500x' '/var/folders/70/8qsz1w6x2nnfv0rh08sfzdsm0000gp/T/dragonfly20160828-96521-jo8uwc.jpg'
W, [2016-08-28T19:01:01.967485 #96521]  WARN -- : DRAGONFLY: caught error - Command failed ('/usr/local/bin/convert' '/Users/manny/code/client_websites/theavatar.org/public/tmp/tmp.jpg' '-resize' '500x' '/var/folders/70/8qsz1w6x2nnfv0rh08sfzdsm0000gp/T/dragonfly20160828-96521-jo8uwc.jpg') with exit status 1 and stderr convert: unable to open image `/Users/manny/code/client_websites/theavatar.org/public/tmp/tmp.jpg': No such file or directory @ error/blob.c/OpenBlob/2642.
convert: no images defined `/var/folders/70/8qsz1w6x2nnfv0rh08sfzdsm0000gp/T/dragonfly20160828-96521-jo8uwc.jpg' @ error/convert.c/ConvertImageCommand/3044.

I, [2016-08-28T19:01:01.967654 #96521]  INFO -- : DRAGONFLY: GET /steam/dynamic/W1siZmYiLCIvVXNlcnMvbWFubnkvY29kZS9jbGllbnRfd2Vic2l0ZXMvdGhlYXZhdGFyLm9yZy9wdWJsaWMvdG1wL3RtcC5qcGciXSxbInAiLCJ0aHVtYiIsIjUwMHgiXV0/5e0b23823d36f4f4/tmp.jpg 500
D, [2016-08-28T19:02:14.075485 #96521] DEBUG -- : DRAGONFLY: shell command: '/usr/local/bin/convert' '/Users/manny/code/client_websites/theavatar.org/public/tmp/tmp.jpg' '-resize' '500x' '/var/folders/70/8qsz1w6x2nnfv0rh08sfzdsm0000gp/T/dragonfly20160828-96521-tbit3e.jpg'
W, [2016-08-28T19:02:14.094418 #96521]  WARN -- : DRAGONFLY: caught error - Command failed ('/usr/local/bin/convert' '/Users/manny/code/client_websites/theavatar.org/public/tmp/tmp.jpg' '-resize' '500x' '/var/folders/70/8qsz1w6x2nnfv0rh08sfzdsm0000gp/T/dragonfly20160828-96521-tbit3e.jpg') with exit status 1 and stderr convert: unable to open image `/Users/manny/code/client_websites/theavatar.org/public/tmp/tmp.jpg': No such file or directory @ error/blob.c/OpenBlob/2642.
convert: no images defined `/var/folders/70/8qsz1w6x2nnfv0rh08sfzdsm0000gp/T/dragonfly20160828-96521-tbit3e.jpg' @ error/convert.c/ConvertImageCommand/3044.

I, [2016-08-28T19:02:14.094571 #96521]  INFO -- : DRAGONFLY: GET /steam/dynamic/W1siZmYiLCIvVXNlcnMvbWFubnkvY29kZS9jbGllbnRfd2Vic2l0ZXMvdGhlYXZhdGFyLm9yZy9wdWJsaWMvdG1wL3RtcC5qcGciXSxbInAiLCJ0aHVtYiIsIjUwMHgiXV0/5e0b23823d36f4f4/tmp.jpg 500
D, [2016-08-28T19:02:14.132655 #96521] DEBUG -- : DRAGONFLY: shell command: '/usr/local/bin/convert' '/Users/manny/code/client_websites/theavatar.org/public/tmp/tmp.jpg' '-resize' '500x' '/var/folders/70/8qsz1w6x2nnfv0rh08sfzdsm0000gp/T/dragonfly20160828-96521-1c3wh81.jpg'
W, [2016-08-28T19:02:14.150427 #96521]  WARN -- : DRAGONFLY: caught error - Command failed ('/usr/local/bin/convert' '/Users/manny/code/client_websites/theavatar.org/public/tmp/tmp.jpg' '-resize' '500x' '/var/folders/70/8qsz1w6x2nnfv0rh08sfzdsm0000gp/T/dragonfly20160828-96521-1c3wh81.jpg') with exit status 1 and stderr convert: unable to open image `/Users/manny/code/client_websites/theavatar.org/public/tmp/tmp.jpg': No such file or directory @ error/blob.c/OpenBlob/2642.
convert: no images defined `/var/folders/70/8qsz1w6x2nnfv0rh08sfzdsm0000gp/T/dragonfly20160828-96521-1c3wh81.jpg' @ error/convert.c/ConvertImageCommand/3044.

I, [2016-08-28T19:02:14.150538 #96521]  INFO -- : DRAGONFLY: GET /steam/dynamic/W1siZmYiLCIvVXNlcnMvbWFubnkvY29kZS9jbGllbnRfd2Vic2l0ZXMvdGhlYXZhdGFyLm9yZy9wdWJsaWMvdG1wL3RtcC5qcGciXSxbInAiLCJ0aHVtYiIsIjUwMHgiXV0/5e0b23823d36f4f4/tmp.jpg 500
D, [2016-08-28T19:03:37.935829 #96521] DEBUG -- : DRAGONFLY: shell command: '/usr/local/bin/convert' '/Users/manny/code/client_websites/theavatar.org/public/tmp/tmp.jpg' '-resize' '500x' '/var/folders/70/8qsz1w6x2nnfv0rh08sfzdsm0000gp/T/dragonfly20160828-96521-12f9yxq.jpg'
W, [2016-08-28T19:03:37.955248 #96521]  WARN -- : DRAGONFLY: caught error - Command failed ('/usr/local/bin/convert' '/Users/manny/code/client_websites/theavatar.org/public/tmp/tmp.jpg' '-resize' '500x' '/var/folders/70/8qsz1w6x2nnfv0rh08sfzdsm0000gp/T/dragonfly20160828-96521-12f9yxq.jpg') with exit status 1 and stderr convert: unable to open image `/Users/manny/code/client_websites/theavatar.org/public/tmp/tmp.jpg': No such file or directory @ error/blob.c/OpenBlob/2642.
convert: no images defined `/var/folders/70/8qsz1w6x2nnfv0rh08sfzdsm0000gp/T/dragonfly20160828-96521-12f9yxq.jpg' @ error/convert.c/ConvertImageCommand/3044.

I, [2016-08-28T19:03:37.955395 #96521]  INFO -- : DRAGONFLY: GET /steam/dynamic/W1siZmYiLCIvVXNlcnMvbWFubnkvY29kZS9jbGllbnRfd2Vic2l0ZXMvdGhlYXZhdGFyLm9yZy9wdWJsaWMvdG1wL3RtcC5qcGciXSxbInAiLCJ0aHVtYiIsIjUwMHgiXV0/5e0b23823d36f4f4/tmp.jpg 500
D, [2016-08-28T19:03:37.995124 #96521] DEBUG -- : DRAGONFLY: shell command: '/usr/local/bin/convert' '/Users/manny/code/client_websites/theavatar.org/public/tmp/tmp.jpg' '-resize' '500x' '/var/folders/70/8qsz1w6x2nnfv0rh08sfzdsm0000gp/T/dragonfly20160828-96521-1q88a3t.jpg'
W, [2016-08-28T19:03:38.013289 #96521]  WARN -- : DRAGONFLY: caught error - Command failed ('/usr/local/bin/convert' '/Users/manny/code/client_websites/theavatar.org/public/tmp/tmp.jpg' '-resize' '500x' '/var/folders/70/8qsz1w6x2nnfv0rh08sfzdsm0000gp/T/dragonfly20160828-96521-1q88a3t.jpg') with exit status 1 and stderr convert: unable to open image `/Users/manny/code/client_websites/theavatar.org/public/tmp/tmp.jpg': No such file or directory @ error/blob.c/OpenBlob/2642.
convert: no images defined `/var/folders/70/8qsz1w6x2nnfv0rh08sfzdsm0000gp/T/dragonfly20160828-96521-1q88a3t.jpg' @ error/convert.c/ConvertImageCommand/3044.

I, [2016-08-28T19:03:38.013414 #96521]  INFO -- : DRAGONFLY: GET /steam/dynamic/W1siZmYiLCIvVXNlcnMvbWFubnkvY29kZS9jbGllbnRfd2Vic2l0ZXMvdGhlYXZhdGFyLm9yZy9wdWJsaWMvdG1wL3RtcC5qcGciXSxbInAiLCJ0aHVtYiIsIjUwMHgiXV0/5e0b23823d36f4f4/tmp.jpg 500
D, [2016-08-28T19:03:56.913481 #96521] DEBUG -- : DRAGONFLY: shell command: '/usr/local/bin/convert' '/Users/manny/code/client_websites/theavatar.org/public/tmp/tmp.jpg' '-resize' '500x' '/var/folders/70/8qsz1w6x2nnfv0rh08sfzdsm0000gp/T/dragonfly20160828-96521-q8sg39.jpg'
W, [2016-08-28T19:03:56.935078 #96521]  WARN -- : DRAGONFLY: caught error - Command failed ('/usr/local/bin/convert' '/Users/manny/code/client_websites/theavatar.org/public/tmp/tmp.jpg' '-resize' '500x' '/var/folders/70/8qsz1w6x2nnfv0rh08sfzdsm0000gp/T/dragonfly20160828-96521-q8sg39.jpg') with exit status 1 and stderr convert: unable to open image `/Users/manny/code/client_websites/theavatar.org/public/tmp/tmp.jpg': No such file or directory @ error/blob.c/OpenBlob/2642.
convert: no images defined `/var/folders/70/8qsz1w6x2nnfv0rh08sfzdsm0000gp/T/dragonfly20160828-96521-q8sg39.jpg' @ error/convert.c/ConvertImageCommand/3044.

I, [2016-08-28T19:03:56.935228 #96521]  INFO -- : DRAGONFLY: GET /steam/dynamic/W1siZmYiLCIvVXNlcnMvbWFubnkvY29kZS9jbGllbnRfd2Vic2l0ZXMvdGhlYXZhdGFyLm9yZy9wdWJsaWMvdG1wL3RtcC5qcGciXSxbInAiLCJ0aHVtYiIsIjUwMHgiXV0/5e0b23823d36f4f4/tmp.jpg 500
D, [2016-08-28T19:03:56.985069 #96521] DEBUG -- : DRAGONFLY: shell command: '/usr/local/bin/convert' '/Users/manny/code/client_websites/theavatar.org/public/tmp/tmp.jpg' '-resize' '500x' '/var/folders/70/8qsz1w6x2nnfv0rh08sfzdsm0000gp/T/dragonfly20160828-96521-zcc0kk.jpg'
W, [2016-08-28T19:03:57.005188 #96521]  WARN -- : DRAGONFLY: caught error - Command failed ('/usr/local/bin/convert' '/Users/manny/code/client_websites/theavatar.org/public/tmp/tmp.jpg' '-resize' '500x' '/var/folders/70/8qsz1w6x2nnfv0rh08sfzdsm0000gp/T/dragonfly20160828-96521-zcc0kk.jpg') with exit status 1 and stderr convert: unable to open image `/Users/manny/code/client_websites/theavatar.org/public/tmp/tmp.jpg': No such file or directory @ error/blob.c/OpenBlob/2642.
convert: no images defined `/var/folders/70/8qsz1w6x2nnfv0rh08sfzdsm0000gp/T/dragonfly20160828-96521-zcc0kk.jpg' @ error/convert.c/ConvertImageCommand/3044.

I, [2016-08-28T19:03:57.005342 #96521]  INFO -- : DRAGONFLY: GET /steam/dynamic/W1siZmYiLCIvVXNlcnMvbWFubnkvY29kZS9jbGllbnRfd2Vic2l0ZXMvdGhlYXZhdGFyLm9yZy9wdWJsaWMvdG1wL3RtcC5qcGciXSxbInAiLCJ0aHVtYiIsIjUwMHgiXV0/5e0b23823d36f4f4/tmp.jpg 500
D, [2016-08-28T19:04:06.724379 #96521] DEBUG -- : DRAGONFLY: shell command: '/usr/local/bin/convert' '/Users/manny/code/client_websites/theavatar.org/public/tmp/tmp.jpg' '-resize' '500x' '/var/folders/70/8qsz1w6x2nnfv0rh08sfzdsm0000gp/T/dragonfly20160828-96521-2t4fja.jpg'
W, [2016-08-28T19:04:06.748624 #96521]  WARN -- : DRAGONFLY: caught error - Command failed ('/usr/local/bin/convert' '/Users/manny/code/client_websites/theavatar.org/public/tmp/tmp.jpg' '-resize' '500x' '/var/folders/70/8qsz1w6x2nnfv0rh08sfzdsm0000gp/T/dragonfly20160828-96521-2t4fja.jpg') with exit status 1 and stderr convert: unable to open image `/Users/manny/code/client_websites/theavatar.org/public/tmp/tmp.jpg': No such file or directory @ error/blob.c/OpenBlob/2642.
convert: no images defined `/var/folders/70/8qsz1w6x2nnfv0rh08sfzdsm0000gp/T/dragonfly20160828-96521-2t4fja.jpg' @ error/convert.c/ConvertImageCommand/3044.

I, [2016-08-28T19:04:06.748823 #96521]  INFO -- : DRAGONFLY: GET /steam/dynamic/W1siZmYiLCIvVXNlcnMvbWFubnkvY29kZS9jbGllbnRfd2Vic2l0ZXMvdGhlYXZhdGFyLm9yZy9wdWJsaWMvdG1wL3RtcC5qcGciXSxbInAiLCJ0aHVtYiIsIjUwMHgiXV0/5e0b23823d36f4f4/tmp.jpg 500
D, [2016-08-28T19:04:06.776105 #96521] DEBUG -- : DRAGONFLY: shell command: '/usr/local/bin/convert' '/Users/manny/code/client_websites/theavatar.org/public/tmp/tmp.jpg' '-resize' '500x' '/var/folders/70/8qsz1w6x2nnfv0rh08sfzdsm0000gp/T/dragonfly20160828-96521-uv86l0.jpg'
W, [2016-08-28T19:04:06.795639 #96521]  WARN -- : DRAGONFLY: caught error - Command failed ('/usr/local/bin/convert' '/Users/manny/code/client_websites/theavatar.org/public/tmp/tmp.jpg' '-resize' '500x' '/var/folders/70/8qsz1w6x2nnfv0rh08sfzdsm0000gp/T/dragonfly20160828-96521-uv86l0.jpg') with exit status 1 and stderr convert: unable to open image `/Users/manny/code/client_websites/theavatar.org/public/tmp/tmp.jpg': No such file or directory @ error/blob.c/OpenBlob/2642.
convert: no images defined `/var/folders/70/8qsz1w6x2nnfv0rh08sfzdsm0000gp/T/dragonfly20160828-96521-uv86l0.jpg' @ error/convert.c/ConvertImageCommand/3044.

I, [2016-08-28T19:04:06.795757 #96521]  INFO -- : DRAGONFLY: GET /steam/dynamic/W1siZmYiLCIvVXNlcnMvbWFubnkvY29kZS9jbGllbnRfd2Vic2l0ZXMvdGhlYXZhdGFyLm9yZy9wdWJsaWMvdG1wL3RtcC5qcGciXSxbInAiLCJ0aHVtYiIsIjUwMHgiXV0/5e0b23823d36f4f4/tmp.jpg 500
D, [2016-08-28T19:05:56.048696 #96521] DEBUG -- : DRAGONFLY: shell command: '/usr/local/bin/convert' '/Users/manny/code/client_websites/theavatar.org/public/tmp/tmp.jpg' '-resize' '500x' '/var/folders/70/8qsz1w6x2nnfv0rh08sfzdsm0000gp/T/dragonfly20160828-96521-483hu2.jpg'
W, [2016-08-28T19:05:56.068073 #96521]  WARN -- : DRAGONFLY: caught error - Command failed ('/usr/local/bin/convert' '/Users/manny/code/client_websites/theavatar.org/public/tmp/tmp.jpg' '-resize' '500x' '/var/folders/70/8qsz1w6x2nnfv0rh08sfzdsm0000gp/T/dragonfly20160828-96521-483hu2.jpg') with exit status 1 and stderr convert: unable to open image `/Users/manny/code/client_websites/theavatar.org/public/tmp/tmp.jpg': No such file or directory @ error/blob.c/OpenBlob/2642.
convert: no images defined `/var/folders/70/8qsz1w6x2nnfv0rh08sfzdsm0000gp/T/dragonfly20160828-96521-483hu2.jpg' @ error/convert.c/ConvertImageCommand/3044.

I, [2016-08-28T19:05:56.068225 #96521]  INFO -- : DRAGONFLY: GET /steam/dynamic/W1siZmYiLCIvVXNlcnMvbWFubnkvY29kZS9jbGllbnRfd2Vic2l0ZXMvdGhlYXZhdGFyLm9yZy9wdWJsaWMvdG1wL3RtcC5qcGciXSxbInAiLCJ0aHVtYiIsIjUwMHgiXV0/5e0b23823d36f4f4/tmp.jpg 500
D, [2016-08-28T19:05:56.129681 #96521] DEBUG -- : DRAGONFLY: shell command: '/usr/local/bin/convert' '/Users/manny/code/client_websites/theavatar.org/public/tmp/tmp.jpg' '-resize' '500x' '/var/folders/70/8qsz1w6x2nnfv0rh08sfzdsm0000gp/T/dragonfly20160828-96521-6nqskj.jpg'
W, [2016-08-28T19:05:56.149567 #96521]  WARN -- : DRAGONFLY: caught error - Command failed ('/usr/local/bin/convert' '/Users/manny/code/client_websites/theavatar.org/public/tmp/tmp.jpg' '-resize' '500x' '/var/folders/70/8qsz1w6x2nnfv0rh08sfzdsm0000gp/T/dragonfly20160828-96521-6nqskj.jpg') with exit status 1 and stderr convert: unable to open image `/Users/manny/code/client_websites/theavatar.org/public/tmp/tmp.jpg': No such file or directory @ error/blob.c/OpenBlob/2642.
convert: no images defined `/var/folders/70/8qsz1w6x2nnfv0rh08sfzdsm0000gp/T/dragonfly20160828-96521-6nqskj.jpg' @ error/convert.c/ConvertImageCommand/3044.

I, [2016-08-28T19:05:56.149682 #96521]  INFO -- : DRAGONFLY: GET /steam/dynamic/W1siZmYiLCIvVXNlcnMvbWFubnkvY29kZS9jbGllbnRfd2Vic2l0ZXMvdGhlYXZhdGFyLm9yZy9wdWJsaWMvdG1wL3RtcC5qcGciXSxbInAiLCJ0aHVtYiIsIjUwMHgiXV0/5e0b23823d36f4f4/tmp.jpg 500
D, [2016-08-28T19:07:48.491829 #96521] DEBUG -- : DRAGONFLY: shell command: '/usr/local/bin/convert' '/Users/manny/code/client_websites/theavatar.org/public/tmp/tmp.jpg' '-resize' '500x' '/var/folders/70/8qsz1w6x2nnfv0rh08sfzdsm0000gp/T/dragonfly20160828-96521-5tevo5.jpg'
W, [2016-08-28T19:07:48.511997 #96521]  WARN -- : DRAGONFLY: caught error - Command failed ('/usr/local/bin/convert' '/Users/manny/code/client_websites/theavatar.org/public/tmp/tmp.jpg' '-resize' '500x' '/var/folders/70/8qsz1w6x2nnfv0rh08sfzdsm0000gp/T/dragonfly20160828-96521-5tevo5.jpg') with exit status 1 and stderr convert: unable to open image `/Users/manny/code/client_websites/theavatar.org/public/tmp/tmp.jpg': No such file or directory @ error/blob.c/OpenBlob/2642.
convert: no images defined `/var/folders/70/8qsz1w6x2nnfv0rh08sfzdsm0000gp/T/dragonfly20160828-96521-5tevo5.jpg' @ error/convert.c/ConvertImageCommand/3044.

I, [2016-08-28T19:07:48.512170 #96521]  INFO -- : DRAGONFLY: GET /steam/dynamic/W1siZmYiLCIvVXNlcnMvbWFubnkvY29kZS9jbGllbnRfd2Vic2l0ZXMvdGhlYXZhdGFyLm9yZy9wdWJsaWMvdG1wL3RtcC5qcGciXSxbInAiLCJ0aHVtYiIsIjUwMHgiXV0/5e0b23823d36f4f4/tmp.jpg 500
D, [2016-08-28T19:07:48.569753 #96521] DEBUG -- : DRAGONFLY: shell command: '/usr/local/bin/convert' '/Users/manny/code/client_websites/theavatar.org/public/tmp/tmp.jpg' '-resize' '500x' '/var/folders/70/8qsz1w6x2nnfv0rh08sfzdsm0000gp/T/dragonfly20160828-96521-8t0j1i.jpg'
W, [2016-08-28T19:07:48.589478 #96521]  WARN -- : DRAGONFLY: caught error - Command failed ('/usr/local/bin/convert' '/Users/manny/code/client_websites/theavatar.org/public/tmp/tmp.jpg' '-resize' '500x' '/var/folders/70/8qsz1w6x2nnfv0rh08sfzdsm0000gp/T/dragonfly20160828-96521-8t0j1i.jpg') with exit status 1 and stderr convert: unable to open image `/Users/manny/code/client_websites/theavatar.org/public/tmp/tmp.jpg': No such file or directory @ error/blob.c/OpenBlob/2642.
convert: no images defined `/var/folders/70/8qsz1w6x2nnfv0rh08sfzdsm0000gp/T/dragonfly20160828-96521-8t0j1i.jpg' @ error/convert.c/ConvertImageCommand/3044.

I, [2016-08-28T19:07:48.589600 #96521]  INFO -- : DRAGONFLY: GET /steam/dynamic/W1siZmYiLCIvVXNlcnMvbWFubnkvY29kZS9jbGllbnRfd2Vic2l0ZXMvdGhlYXZhdGFyLm9yZy9wdWJsaWMvdG1wL3RtcC5qcGciXSxbInAiLCJ0aHVtYiIsIjUwMHgiXV0/5e0b23823d36f4f4/tmp.jpg 500
D, [2016-08-28T19:08:01.838680 #96521] DEBUG -- : DRAGONFLY: shell command: '/usr/local/bin/convert' '/Users/manny/code/client_websites/theavatar.org/public/tmp/tmp.jpg' '-resize' '500x' '/var/folders/70/8qsz1w6x2nnfv0rh08sfzdsm0000gp/T/dragonfly20160828-96521-8ebny3.jpg'
W, [2016-08-28T19:08:01.858411 #96521]  WARN -- : DRAGONFLY: caught error - Command failed ('/usr/local/bin/convert' '/Users/manny/code/client_websites/theavatar.org/public/tmp/tmp.jpg' '-resize' '500x' '/var/folders/70/8qsz1w6x2nnfv0rh08sfzdsm0000gp/T/dragonfly20160828-96521-8ebny3.jpg') with exit status 1 and stderr convert: unable to open image `/Users/manny/code/client_websites/theavatar.org/public/tmp/tmp.jpg': No such file or directory @ error/blob.c/OpenBlob/2642.
convert: no images defined `/var/folders/70/8qsz1w6x2nnfv0rh08sfzdsm0000gp/T/dragonfly20160828-96521-8ebny3.jpg' @ error/convert.c/ConvertImageCommand/3044.

I, [2016-08-28T19:08:01.858551 #96521]  INFO -- : DRAGONFLY: GET /steam/dynamic/W1siZmYiLCIvVXNlcnMvbWFubnkvY29kZS9jbGllbnRfd2Vic2l0ZXMvdGhlYXZhdGFyLm9yZy9wdWJsaWMvdG1wL3RtcC5qcGciXSxbInAiLCJ0aHVtYiIsIjUwMHgiXV0/5e0b23823d36f4f4/tmp.jpg 500
D, [2016-08-28T19:08:01.913200 #96521] DEBUG -- : DRAGONFLY: shell command: '/usr/local/bin/convert' '/Users/manny/code/client_websites/theavatar.org/public/tmp/tmp.jpg' '-resize' '500x' '/var/folders/70/8qsz1w6x2nnfv0rh08sfzdsm0000gp/T/dragonfly20160828-96521-1ywutho.jpg'
W, [2016-08-28T19:08:01.932341 #96521]  WARN -- : DRAGONFLY: caught error - Command failed ('/usr/local/bin/convert' '/Users/manny/code/client_websites/theavatar.org/public/tmp/tmp.jpg' '-resize' '500x' '/var/folders/70/8qsz1w6x2nnfv0rh08sfzdsm0000gp/T/dragonfly20160828-96521-1ywutho.jpg') with exit status 1 and stderr convert: unable to open image `/Users/manny/code/client_websites/theavatar.org/public/tmp/tmp.jpg': No such file or directory @ error/blob.c/OpenBlob/2642.
convert: no images defined `/var/folders/70/8qsz1w6x2nnfv0rh08sfzdsm0000gp/T/dragonfly20160828-96521-1ywutho.jpg' @ error/convert.c/ConvertImageCommand/3044.

I, [2016-08-28T19:08:01.932472 #96521]  INFO -- : DRAGONFLY: GET /steam/dynamic/W1siZmYiLCIvVXNlcnMvbWFubnkvY29kZS9jbGllbnRfd2Vic2l0ZXMvdGhlYXZhdGFyLm9yZy9wdWJsaWMvdG1wL3RtcC5qcGciXSxbInAiLCJ0aHVtYiIsIjUwMHgiXV0/5e0b23823d36f4f4/tmp.jpg 500
D, [2016-08-28T19:08:35.440025 #96521] DEBUG -- : DRAGONFLY: shell command: '/usr/local/bin/convert' '/Users/manny/code/client_websites/theavatar.org/public/tmp/tmp.jpg' '-resize' '500x' '/var/folders/70/8qsz1w6x2nnfv0rh08sfzdsm0000gp/T/dragonfly20160828-96521-16fmyco.jpg'
W, [2016-08-28T19:08:35.459862 #96521]  WARN -- : DRAGONFLY: caught error - Command failed ('/usr/local/bin/convert' '/Users/manny/code/client_websites/theavatar.org/public/tmp/tmp.jpg' '-resize' '500x' '/var/folders/70/8qsz1w6x2nnfv0rh08sfzdsm0000gp/T/dragonfly20160828-96521-16fmyco.jpg') with exit status 1 and stderr convert: unable to open image `/Users/manny/code/client_websites/theavatar.org/public/tmp/tmp.jpg': No such file or directory @ error/blob.c/OpenBlob/2642.
convert: no images defined `/var/folders/70/8qsz1w6x2nnfv0rh08sfzdsm0000gp/T/dragonfly20160828-96521-16fmyco.jpg' @ error/convert.c/ConvertImageCommand/3044.

I, [2016-08-28T19:08:35.459996 #96521]  INFO -- : DRAGONFLY: GET /steam/dynamic/W1siZmYiLCIvVXNlcnMvbWFubnkvY29kZS9jbGllbnRfd2Vic2l0ZXMvdGhlYXZhdGFyLm9yZy9wdWJsaWMvdG1wL3RtcC5qcGciXSxbInAiLCJ0aHVtYiIsIjUwMHgiXV0/5e0b23823d36f4f4/tmp.jpg 500
D, [2016-08-28T19:08:35.554544 #96521] DEBUG -- : DRAGONFLY: shell command: '/usr/local/bin/convert' '/Users/manny/code/client_websites/theavatar.org/public/tmp/tmp.jpg' '-resize' '500x' '/var/folders/70/8qsz1w6x2nnfv0rh08sfzdsm0000gp/T/dragonfly20160828-96521-1qjozg6.jpg'
W, [2016-08-28T19:08:35.575260 #96521]  WARN -- : DRAGONFLY: caught error - Command failed ('/usr/local/bin/convert' '/Users/manny/code/client_websites/theavatar.org/public/tmp/tmp.jpg' '-resize' '500x' '/var/folders/70/8qsz1w6x2nnfv0rh08sfzdsm0000gp/T/dragonfly20160828-96521-1qjozg6.jpg') with exit status 1 and stderr convert: unable to open image `/Users/manny/code/client_websites/theavatar.org/public/tmp/tmp.jpg': No such file or directory @ error/blob.c/OpenBlob/2642.
convert: no images defined `/var/folders/70/8qsz1w6x2nnfv0rh08sfzdsm0000gp/T/dragonfly20160828-96521-1qjozg6.jpg' @ error/convert.c/ConvertImageCommand/3044.

I, [2016-08-28T19:08:35.575396 #96521]  INFO -- : DRAGONFLY: GET /steam/dynamic/W1siZmYiLCIvVXNlcnMvbWFubnkvY29kZS9jbGllbnRfd2Vic2l0ZXMvdGhlYXZhdGFyLm9yZy9wdWJsaWMvdG1wL3RtcC5qcGciXSxbInAiLCJ0aHVtYiIsIjUwMHgiXV0/5e0b23823d36f4f4/tmp.jpg 500
D, [2016-08-28T19:09:25.212619 #96521] DEBUG -- : DRAGONFLY: shell command: '/usr/local/bin/convert' '/Users/manny/code/client_websites/theavatar.org/public/tmp/tmp.jpg' '-resize' '500x' '/var/folders/70/8qsz1w6x2nnfv0rh08sfzdsm0000gp/T/dragonfly20160828-96521-185wbsn.jpg'
W, [2016-08-28T19:09:25.321539 #96521]  WARN -- : DRAGONFLY: caught error - Command failed ('/usr/local/bin/convert' '/Users/manny/code/client_websites/theavatar.org/public/tmp/tmp.jpg' '-resize' '500x' '/var/folders/70/8qsz1w6x2nnfv0rh08sfzdsm0000gp/T/dragonfly20160828-96521-185wbsn.jpg') with exit status 1 and stderr convert: unable to open image `/Users/manny/code/client_websites/theavatar.org/public/tmp/tmp.jpg': No such file or directory @ error/blob.c/OpenBlob/2642.
convert: no images defined `/var/folders/70/8qsz1w6x2nnfv0rh08sfzdsm0000gp/T/dragonfly20160828-96521-185wbsn.jpg' @ error/convert.c/ConvertImageCommand/3044.

I, [2016-08-28T19:09:25.321747 #96521]  INFO -- : DRAGONFLY: GET /steam/dynamic/W1siZmYiLCIvVXNlcnMvbWFubnkvY29kZS9jbGllbnRfd2Vic2l0ZXMvdGhlYXZhdGFyLm9yZy9wdWJsaWMvdG1wL3RtcC5qcGciXSxbInAiLCJ0aHVtYiIsIjUwMHgiXV0/5e0b23823d36f4f4/tmp.jpg 500
D, [2016-08-28T19:09:29.733201 #96521] DEBUG -- : DRAGONFLY: shell command: '/usr/local/bin/convert' '/Users/manny/code/client_websites/theavatar.org/public/tmp/tmp.jpg' '-resize' '500x' '/var/folders/70/8qsz1w6x2nnfv0rh08sfzdsm0000gp/T/dragonfly20160828-96521-vcpejt.jpg'
W, [2016-08-28T19:09:29.751947 #96521]  WARN -- : DRAGONFLY: caught error - Command failed ('/usr/local/bin/convert' '/Users/manny/code/client_websites/theavatar.org/public/tmp/tmp.jpg' '-resize' '500x' '/var/folders/70/8qsz1w6x2nnfv0rh08sfzdsm0000gp/T/dragonfly20160828-96521-vcpejt.jpg') with exit status 1 and stderr convert: unable to open image `/Users/manny/code/client_websites/theavatar.org/public/tmp/tmp.jpg': No such file or directory @ error/blob.c/OpenBlob/2642.
convert: no images defined `/var/folders/70/8qsz1w6x2nnfv0rh08sfzdsm0000gp/T/dragonfly20160828-96521-vcpejt.jpg' @ error/convert.c/ConvertImageCommand/3044.

I, [2016-08-28T19:09:29.752084 #96521]  INFO -- : DRAGONFLY: GET /steam/dynamic/W1siZmYiLCIvVXNlcnMvbWFubnkvY29kZS9jbGllbnRfd2Vic2l0ZXMvdGhlYXZhdGFyLm9yZy9wdWJsaWMvdG1wL3RtcC5qcGciXSxbInAiLCJ0aHVtYiIsIjUwMHgiXV0/5e0b23823d36f4f4/tmp.jpg 500
D, [2016-08-28T19:09:29.828342 #96521] DEBUG -- : DRAGONFLY: shell command: '/usr/local/bin/convert' '/Users/manny/code/client_websites/theavatar.org/public/tmp/tmp.jpg' '-resize' '500x' '/var/folders/70/8qsz1w6x2nnfv0rh08sfzdsm0000gp/T/dragonfly20160828-96521-ldazvw.jpg'
W, [2016-08-28T19:09:29.847720 #96521]  WARN -- : DRAGONFLY: caught error - Command failed ('/usr/local/bin/convert' '/Users/manny/code/client_websites/theavatar.org/public/tmp/tmp.jpg' '-resize' '500x' '/var/folders/70/8qsz1w6x2nnfv0rh08sfzdsm0000gp/T/dragonfly20160828-96521-ldazvw.jpg') with exit status 1 and stderr convert: unable to open image `/Users/manny/code/client_websites/theavatar.org/public/tmp/tmp.jpg': No such file or directory @ error/blob.c/OpenBlob/2642.
convert: no images defined `/var/folders/70/8qsz1w6x2nnfv0rh08sfzdsm0000gp/T/dragonfly20160828-96521-ldazvw.jpg' @ error/convert.c/ConvertImageCommand/3044.

I, [2016-08-28T19:09:29.847999 #96521]  INFO -- : DRAGONFLY: GET /steam/dynamic/W1siZmYiLCIvVXNlcnMvbWFubnkvY29kZS9jbGllbnRfd2Vic2l0ZXMvdGhlYXZhdGFyLm9yZy9wdWJsaWMvdG1wL3RtcC5qcGciXSxbInAiLCJ0aHVtYiIsIjUwMHgiXV0/5e0b23823d36f4f4/tmp.jpg 500
D, [2016-08-28T19:11:57.621187 #96521] DEBUG -- : DRAGONFLY: shell command: '/usr/local/bin/convert' '/Users/manny/code/client_websites/theavatar.org/public/tmp/tmp.jpg' '-resize' '500x' '/var/folders/70/8qsz1w6x2nnfv0rh08sfzdsm0000gp/T/dragonfly20160828-96521-b3ag36.jpg'
W, [2016-08-28T19:11:57.643090 #96521]  WARN -- : DRAGONFLY: caught error - Command failed ('/usr/local/bin/convert' '/Users/manny/code/client_websites/theavatar.org/public/tmp/tmp.jpg' '-resize' '500x' '/var/folders/70/8qsz1w6x2nnfv0rh08sfzdsm0000gp/T/dragonfly20160828-96521-b3ag36.jpg') with exit status 1 and stderr convert: unable to open image `/Users/manny/code/client_websites/theavatar.org/public/tmp/tmp.jpg': No such file or directory @ error/blob.c/OpenBlob/2642.
convert: no images defined `/var/folders/70/8qsz1w6x2nnfv0rh08sfzdsm0000gp/T/dragonfly20160828-96521-b3ag36.jpg' @ error/convert.c/ConvertImageCommand/3044.

I, [2016-08-28T19:11:57.643252 #96521]  INFO -- : DRAGONFLY: GET /steam/dynamic/W1siZmYiLCIvVXNlcnMvbWFubnkvY29kZS9jbGllbnRfd2Vic2l0ZXMvdGhlYXZhdGFyLm9yZy9wdWJsaWMvdG1wL3RtcC5qcGciXSxbInAiLCJ0aHVtYiIsIjUwMHgiXV0/5e0b23823d36f4f4/tmp.jpg 500
D, [2016-08-28T19:11:57.720349 #96521] DEBUG -- : DRAGONFLY: shell command: '/usr/local/bin/convert' '/Users/manny/code/client_websites/theavatar.org/public/tmp/tmp.jpg' '-resize' '500x' '/var/folders/70/8qsz1w6x2nnfv0rh08sfzdsm0000gp/T/dragonfly20160828-96521-s8zn6j.jpg'
W, [2016-08-28T19:11:57.743556 #96521]  WARN -- : DRAGONFLY: caught error - Command failed ('/usr/local/bin/convert' '/Users/manny/code/client_websites/theavatar.org/public/tmp/tmp.jpg' '-resize' '500x' '/var/folders/70/8qsz1w6x2nnfv0rh08sfzdsm0000gp/T/dragonfly20160828-96521-s8zn6j.jpg') with exit status 1 and stderr convert: unable to open image `/Users/manny/code/client_websites/theavatar.org/public/tmp/tmp.jpg': No such file or directory @ error/blob.c/OpenBlob/2642.
convert: no images defined `/var/folders/70/8qsz1w6x2nnfv0rh08sfzdsm0000gp/T/dragonfly20160828-96521-s8zn6j.jpg' @ error/convert.c/ConvertImageCommand/3044.

I, [2016-08-28T19:11:57.743682 #96521]  INFO -- : DRAGONFLY: GET /steam/dynamic/W1siZmYiLCIvVXNlcnMvbWFubnkvY29kZS9jbGllbnRfd2Vic2l0ZXMvdGhlYXZhdGFyLm9yZy9wdWJsaWMvdG1wL3RtcC5qcGciXSxbInAiLCJ0aHVtYiIsIjUwMHgiXV0/5e0b23823d36f4f4/tmp.jpg 500
D, [2016-08-28T19:12:05.627941 #96521] DEBUG -- : DRAGONFLY: shell command: '/usr/local/bin/convert' '/Users/manny/code/client_websites/theavatar.org/public/tmp/tmp.jpg' '-resize' '500x' '/var/folders/70/8qsz1w6x2nnfv0rh08sfzdsm0000gp/T/dragonfly20160828-96521-bmhmdc.jpg'
W, [2016-08-28T19:12:05.646395 #96521]  WARN -- : DRAGONFLY: caught error - Command failed ('/usr/local/bin/convert' '/Users/manny/code/client_websites/theavatar.org/public/tmp/tmp.jpg' '-resize' '500x' '/var/folders/70/8qsz1w6x2nnfv0rh08sfzdsm0000gp/T/dragonfly20160828-96521-bmhmdc.jpg') with exit status 1 and stderr convert: unable to open image `/Users/manny/code/client_websites/theavatar.org/public/tmp/tmp.jpg': No such file or directory @ error/blob.c/OpenBlob/2642.
convert: no images defined `/var/folders/70/8qsz1w6x2nnfv0rh08sfzdsm0000gp/T/dragonfly20160828-96521-bmhmdc.jpg' @ error/convert.c/ConvertImageCommand/3044.

I, [2016-08-28T19:12:05.646523 #96521]  INFO -- : DRAGONFLY: GET /steam/dynamic/W1siZmYiLCIvVXNlcnMvbWFubnkvY29kZS9jbGllbnRfd2Vic2l0ZXMvdGhlYXZhdGFyLm9yZy9wdWJsaWMvdG1wL3RtcC5qcGciXSxbInAiLCJ0aHVtYiIsIjUwMHgiXV0/5e0b23823d36f4f4/tmp.jpg 500
D, [2016-08-28T19:12:05.713373 #96521] DEBUG -- : DRAGONFLY: shell command: '/usr/local/bin/convert' '/Users/manny/code/client_websites/theavatar.org/public/tmp/tmp.jpg' '-resize' '500x' '/var/folders/70/8qsz1w6x2nnfv0rh08sfzdsm0000gp/T/dragonfly20160828-96521-ogqj8j.jpg'
W, [2016-08-28T19:12:05.731781 #96521]  WARN -- : DRAGONFLY: caught error - Command failed ('/usr/local/bin/convert' '/Users/manny/code/client_websites/theavatar.org/public/tmp/tmp.jpg' '-resize' '500x' '/var/folders/70/8qsz1w6x2nnfv0rh08sfzdsm0000gp/T/dragonfly20160828-96521-ogqj8j.jpg') with exit status 1 and stderr convert: unable to open image `/Users/manny/code/client_websites/theavatar.org/public/tmp/tmp.jpg': No such file or directory @ error/blob.c/OpenBlob/2642.
convert: no images defined `/var/folders/70/8qsz1w6x2nnfv0rh08sfzdsm0000gp/T/dragonfly20160828-96521-ogqj8j.jpg' @ error/convert.c/ConvertImageCommand/3044.

I, [2016-08-28T19:12:05.731892 #96521]  INFO -- : DRAGONFLY: GET /steam/dynamic/W1siZmYiLCIvVXNlcnMvbWFubnkvY29kZS9jbGllbnRfd2Vic2l0ZXMvdGhlYXZhdGFyLm9yZy9wdWJsaWMvdG1wL3RtcC5qcGciXSxbInAiLCJ0aHVtYiIsIjUwMHgiXV0/5e0b23823d36f4f4/tmp.jpg 500
D, [2016-08-28T19:13:41.082169 #96521] DEBUG -- : DRAGONFLY: shell command: '/usr/local/bin/convert' '/Users/manny/code/client_websites/theavatar.org/public/tmp/tmp.jpg' '-resize' '50x' '/var/folders/70/8qsz1w6x2nnfv0rh08sfzdsm0000gp/T/dragonfly20160828-96521-1gbawn2.jpg'
W, [2016-08-28T19:13:41.101724 #96521]  WARN -- : DRAGONFLY: caught error - Command failed ('/usr/local/bin/convert' '/Users/manny/code/client_websites/theavatar.org/public/tmp/tmp.jpg' '-resize' '50x' '/var/folders/70/8qsz1w6x2nnfv0rh08sfzdsm0000gp/T/dragonfly20160828-96521-1gbawn2.jpg') with exit status 1 and stderr convert: unable to open image `/Users/manny/code/client_websites/theavatar.org/public/tmp/tmp.jpg': No such file or directory @ error/blob.c/OpenBlob/2642.
convert: no images defined `/var/folders/70/8qsz1w6x2nnfv0rh08sfzdsm0000gp/T/dragonfly20160828-96521-1gbawn2.jpg' @ error/convert.c/ConvertImageCommand/3044.

I, [2016-08-28T19:13:41.103399 #96521]  INFO -- : DRAGONFLY: GET /steam/dynamic/W1siZmYiLCIvVXNlcnMvbWFubnkvY29kZS9jbGllbnRfd2Vic2l0ZXMvdGhlYXZhdGFyLm9yZy9wdWJsaWMvdG1wL3RtcC5qcGciXSxbInAiLCJ0aHVtYiIsIjUweCJdXQ/d8f2cad38ff40eae/tmp.jpg 500
D, [2016-08-28T19:13:41.110127 #96521] DEBUG -- : DRAGONFLY: shell command: '/usr/local/bin/convert' '/Users/manny/code/client_websites/theavatar.org/public/tmp/tmp.jpg' '-resize' '500x' '/var/folders/70/8qsz1w6x2nnfv0rh08sfzdsm0000gp/T/dragonfly20160828-96521-o3izkl.jpg'
W, [2016-08-28T19:13:41.131446 #96521]  WARN -- : DRAGONFLY: caught error - Command failed ('/usr/local/bin/convert' '/Users/manny/code/client_websites/theavatar.org/public/tmp/tmp.jpg' '-resize' '500x' '/var/folders/70/8qsz1w6x2nnfv0rh08sfzdsm0000gp/T/dragonfly20160828-96521-o3izkl.jpg') with exit status 1 and stderr convert: unable to open image `/Users/manny/code/client_websites/theavatar.org/public/tmp/tmp.jpg': No such file or directory @ error/blob.c/OpenBlob/2642.
convert: no images defined `/var/folders/70/8qsz1w6x2nnfv0rh08sfzdsm0000gp/T/dragonfly20160828-96521-o3izkl.jpg' @ error/convert.c/ConvertImageCommand/3044.

I, [2016-08-28T19:13:41.131608 #96521]  INFO -- : DRAGONFLY: GET /steam/dynamic/W1siZmYiLCIvVXNlcnMvbWFubnkvY29kZS9jbGllbnRfd2Vic2l0ZXMvdGhlYXZhdGFyLm9yZy9wdWJsaWMvdG1wL3RtcC5qcGciXSxbInAiLCJ0aHVtYiIsIjUwMHgiXV0/5e0b23823d36f4f4/tmp.jpg 500
D, [2016-08-28T19:13:41.166922 #96521] DEBUG -- : DRAGONFLY: shell command: '/usr/local/bin/convert' '/Users/manny/code/client_websites/theavatar.org/public/tmp/tmp.jpg' '-resize' '50x' '/var/folders/70/8qsz1w6x2nnfv0rh08sfzdsm0000gp/T/dragonfly20160828-96521-1jw89qs.jpg'
W, [2016-08-28T19:13:41.186793 #96521]  WARN -- : DRAGONFLY: caught error - Command failed ('/usr/local/bin/convert' '/Users/manny/code/client_websites/theavatar.org/public/tmp/tmp.jpg' '-resize' '50x' '/var/folders/70/8qsz1w6x2nnfv0rh08sfzdsm0000gp/T/dragonfly20160828-96521-1jw89qs.jpg') with exit status 1 and stderr convert: unable to open image `/Users/manny/code/client_websites/theavatar.org/public/tmp/tmp.jpg': No such file or directory @ error/blob.c/OpenBlob/2642.
convert: no images defined `/var/folders/70/8qsz1w6x2nnfv0rh08sfzdsm0000gp/T/dragonfly20160828-96521-1jw89qs.jpg' @ error/convert.c/ConvertImageCommand/3044.

I, [2016-08-28T19:13:41.186934 #96521]  INFO -- : DRAGONFLY: GET /steam/dynamic/W1siZmYiLCIvVXNlcnMvbWFubnkvY29kZS9jbGllbnRfd2Vic2l0ZXMvdGhlYXZhdGFyLm9yZy9wdWJsaWMvdG1wL3RtcC5qcGciXSxbInAiLCJ0aHVtYiIsIjUweCJdXQ/d8f2cad38ff40eae/tmp.jpg 500
D, [2016-08-28T19:13:43.661440 #96521] DEBUG -- : DRAGONFLY: shell command: '/usr/local/bin/convert' '/Users/manny/code/client_websites/theavatar.org/public/tmp/tmp.jpg' '-resize' '50x' '/var/folders/70/8qsz1w6x2nnfv0rh08sfzdsm0000gp/T/dragonfly20160828-96521-1arprgv.jpg'
W, [2016-08-28T19:13:43.680058 #96521]  WARN -- : DRAGONFLY: caught error - Command failed ('/usr/local/bin/convert' '/Users/manny/code/client_websites/theavatar.org/public/tmp/tmp.jpg' '-resize' '50x' '/var/folders/70/8qsz1w6x2nnfv0rh08sfzdsm0000gp/T/dragonfly20160828-96521-1arprgv.jpg') with exit status 1 and stderr convert: unable to open image `/Users/manny/code/client_websites/theavatar.org/public/tmp/tmp.jpg': No such file or directory @ error/blob.c/OpenBlob/2642.
convert: no images defined `/var/folders/70/8qsz1w6x2nnfv0rh08sfzdsm0000gp/T/dragonfly20160828-96521-1arprgv.jpg' @ error/convert.c/ConvertImageCommand/3044.

I, [2016-08-28T19:13:43.680200 #96521]  INFO -- : DRAGONFLY: GET /steam/dynamic/W1siZmYiLCIvVXNlcnMvbWFubnkvY29kZS9jbGllbnRfd2Vic2l0ZXMvdGhlYXZhdGFyLm9yZy9wdWJsaWMvdG1wL3RtcC5qcGciXSxbInAiLCJ0aHVtYiIsIjUweCJdXQ/d8f2cad38ff40eae/tmp.jpg 500
D, [2016-08-28T19:13:43.685295 #96521] DEBUG -- : DRAGONFLY: shell command: '/usr/local/bin/convert' '/Users/manny/code/client_websites/theavatar.org/public/tmp/tmp.jpg' '-resize' '500x' '/var/folders/70/8qsz1w6x2nnfv0rh08sfzdsm0000gp/T/dragonfly20160828-96521-yo19hu.jpg'
W, [2016-08-28T19:13:43.707592 #96521]  WARN -- : DRAGONFLY: caught error - Command failed ('/usr/local/bin/convert' '/Users/manny/code/client_websites/theavatar.org/public/tmp/tmp.jpg' '-resize' '500x' '/var/folders/70/8qsz1w6x2nnfv0rh08sfzdsm0000gp/T/dragonfly20160828-96521-yo19hu.jpg') with exit status 1 and stderr convert: unable to open image `/Users/manny/code/client_websites/theavatar.org/public/tmp/tmp.jpg': No such file or directory @ error/blob.c/OpenBlob/2642.
convert: no images defined `/var/folders/70/8qsz1w6x2nnfv0rh08sfzdsm0000gp/T/dragonfly20160828-96521-yo19hu.jpg' @ error/convert.c/ConvertImageCommand/3044.

I, [2016-08-28T19:13:43.707721 #96521]  INFO -- : DRAGONFLY: GET /steam/dynamic/W1siZmYiLCIvVXNlcnMvbWFubnkvY29kZS9jbGllbnRfd2Vic2l0ZXMvdGhlYXZhdGFyLm9yZy9wdWJsaWMvdG1wL3RtcC5qcGciXSxbInAiLCJ0aHVtYiIsIjUwMHgiXV0/5e0b23823d36f4f4/tmp.jpg 500
D, [2016-08-28T19:13:43.753733 #96521] DEBUG -- : DRAGONFLY: shell command: '/usr/local/bin/convert' '/Users/manny/code/client_websites/theavatar.org/public/tmp/tmp.jpg' '-resize' '50x' '/var/folders/70/8qsz1w6x2nnfv0rh08sfzdsm0000gp/T/dragonfly20160828-96521-ryej0u.jpg'
D, [2016-08-28T19:13:43.756593 #96521] DEBUG -- : DRAGONFLY: shell command: '/usr/local/bin/convert' '/Users/manny/code/client_websites/theavatar.org/public/tmp/tmp.jpg' '-resize' '500x' '/var/folders/70/8qsz1w6x2nnfv0rh08sfzdsm0000gp/T/dragonfly20160828-96521-1ienp98.jpg'
W, [2016-08-28T19:13:43.773204 #96521]  WARN -- : DRAGONFLY: caught error - Command failed ('/usr/local/bin/convert' '/Users/manny/code/client_websites/theavatar.org/public/tmp/tmp.jpg' '-resize' '50x' '/var/folders/70/8qsz1w6x2nnfv0rh08sfzdsm0000gp/T/dragonfly20160828-96521-ryej0u.jpg') with exit status 1 and stderr convert: unable to open image `/Users/manny/code/client_websites/theavatar.org/public/tmp/tmp.jpg': No such file or directory @ error/blob.c/OpenBlob/2642.
convert: no images defined `/var/folders/70/8qsz1w6x2nnfv0rh08sfzdsm0000gp/T/dragonfly20160828-96521-ryej0u.jpg' @ error/convert.c/ConvertImageCommand/3044.

I, [2016-08-28T19:13:43.773333 #96521]  INFO -- : DRAGONFLY: GET /steam/dynamic/W1siZmYiLCIvVXNlcnMvbWFubnkvY29kZS9jbGllbnRfd2Vic2l0ZXMvdGhlYXZhdGFyLm9yZy9wdWJsaWMvdG1wL3RtcC5qcGciXSxbInAiLCJ0aHVtYiIsIjUweCJdXQ/d8f2cad38ff40eae/tmp.jpg 500
W, [2016-08-28T19:13:43.775316 #96521]  WARN -- : DRAGONFLY: caught error - Command failed ('/usr/local/bin/convert' '/Users/manny/code/client_websites/theavatar.org/public/tmp/tmp.jpg' '-resize' '500x' '/var/folders/70/8qsz1w6x2nnfv0rh08sfzdsm0000gp/T/dragonfly20160828-96521-1ienp98.jpg') with exit status 1 and stderr convert: unable to open image `/Users/manny/code/client_websites/theavatar.org/public/tmp/tmp.jpg': No such file or directory @ error/blob.c/OpenBlob/2642.
convert: no images defined `/var/folders/70/8qsz1w6x2nnfv0rh08sfzdsm0000gp/T/dragonfly20160828-96521-1ienp98.jpg' @ error/convert.c/ConvertImageCommand/3044.

I, [2016-08-28T19:13:43.775419 #96521]  INFO -- : DRAGONFLY: GET /steam/dynamic/W1siZmYiLCIvVXNlcnMvbWFubnkvY29kZS9jbGllbnRfd2Vic2l0ZXMvdGhlYXZhdGFyLm9yZy9wdWJsaWMvdG1wL3RtcC5qcGciXSxbInAiLCJ0aHVtYiIsIjUwMHgiXV0/5e0b23823d36f4f4/tmp.jpg 500
D, [2016-08-28T19:14:03.442446 #96521] DEBUG -- : DRAGONFLY: shell command: '/usr/local/bin/convert' '/Users/manny/code/client_websites/theavatar.org/public/tmp/tmp.jpg' '-resize' '50x' '/var/folders/70/8qsz1w6x2nnfv0rh08sfzdsm0000gp/T/dragonfly20160828-96521-1l8rnpz.jpg'
W, [2016-08-28T19:14:03.460893 #96521]  WARN -- : DRAGONFLY: caught error - Command failed ('/usr/local/bin/convert' '/Users/manny/code/client_websites/theavatar.org/public/tmp/tmp.jpg' '-resize' '50x' '/var/folders/70/8qsz1w6x2nnfv0rh08sfzdsm0000gp/T/dragonfly20160828-96521-1l8rnpz.jpg') with exit status 1 and stderr convert: unable to open image `/Users/manny/code/client_websites/theavatar.org/public/tmp/tmp.jpg': No such file or directory @ error/blob.c/OpenBlob/2642.
convert: no images defined `/var/folders/70/8qsz1w6x2nnfv0rh08sfzdsm0000gp/T/dragonfly20160828-96521-1l8rnpz.jpg' @ error/convert.c/ConvertImageCommand/3044.

I, [2016-08-28T19:14:03.461017 #96521]  INFO -- : DRAGONFLY: GET /steam/dynamic/W1siZmYiLCIvVXNlcnMvbWFubnkvY29kZS9jbGllbnRfd2Vic2l0ZXMvdGhlYXZhdGFyLm9yZy9wdWJsaWMvdG1wL3RtcC5qcGciXSxbInAiLCJ0aHVtYiIsIjUweCJdXQ/d8f2cad38ff40eae/tmp.jpg 500
D, [2016-08-28T19:14:03.466476 #96521] DEBUG -- : DRAGONFLY: shell command: '/usr/local/bin/convert' '/Users/manny/code/client_websites/theavatar.org/public/tmp/tmp.jpg' '-resize' '500x' '/var/folders/70/8qsz1w6x2nnfv0rh08sfzdsm0000gp/T/dragonfly20160828-96521-74ck9c.jpg'
W, [2016-08-28T19:14:03.485142 #96521]  WARN -- : DRAGONFLY: caught error - Command failed ('/usr/local/bin/convert' '/Users/manny/code/client_websites/theavatar.org/public/tmp/tmp.jpg' '-resize' '500x' '/var/folders/70/8qsz1w6x2nnfv0rh08sfzdsm0000gp/T/dragonfly20160828-96521-74ck9c.jpg') with exit status 1 and stderr convert: unable to open image `/Users/manny/code/client_websites/theavatar.org/public/tmp/tmp.jpg': No such file or directory @ error/blob.c/OpenBlob/2642.
convert: no images defined `/var/folders/70/8qsz1w6x2nnfv0rh08sfzdsm0000gp/T/dragonfly20160828-96521-74ck9c.jpg' @ error/convert.c/ConvertImageCommand/3044.

I, [2016-08-28T19:14:03.485247 #96521]  INFO -- : DRAGONFLY: GET /steam/dynamic/W1siZmYiLCIvVXNlcnMvbWFubnkvY29kZS9jbGllbnRfd2Vic2l0ZXMvdGhlYXZhdGFyLm9yZy9wdWJsaWMvdG1wL3RtcC5qcGciXSxbInAiLCJ0aHVtYiIsIjUwMHgiXV0/5e0b23823d36f4f4/tmp.jpg 500
D, [2016-08-28T19:14:03.543103 #96521] DEBUG -- : DRAGONFLY: shell command: '/usr/local/bin/convert' '/Users/manny/code/client_websites/theavatar.org/public/tmp/tmp.jpg' '-resize' '50x' '/var/folders/70/8qsz1w6x2nnfv0rh08sfzdsm0000gp/T/dragonfly20160828-96521-1gtfwby.jpg'
D, [2016-08-28T19:14:03.547027 #96521] DEBUG -- : DRAGONFLY: shell command: '/usr/local/bin/convert' '/Users/manny/code/client_websites/theavatar.org/public/tmp/tmp.jpg' '-resize' '500x' '/var/folders/70/8qsz1w6x2nnfv0rh08sfzdsm0000gp/T/dragonfly20160828-96521-dlegw2.jpg'
W, [2016-08-28T19:14:03.564003 #96521]  WARN -- : DRAGONFLY: caught error - Command failed ('/usr/local/bin/convert' '/Users/manny/code/client_websites/theavatar.org/public/tmp/tmp.jpg' '-resize' '50x' '/var/folders/70/8qsz1w6x2nnfv0rh08sfzdsm0000gp/T/dragonfly20160828-96521-1gtfwby.jpg') with exit status 1 and stderr convert: unable to open image `/Users/manny/code/client_websites/theavatar.org/public/tmp/tmp.jpg': No such file or directory @ error/blob.c/OpenBlob/2642.
convert: no images defined `/var/folders/70/8qsz1w6x2nnfv0rh08sfzdsm0000gp/T/dragonfly20160828-96521-1gtfwby.jpg' @ error/convert.c/ConvertImageCommand/3044.

I, [2016-08-28T19:14:03.564126 #96521]  INFO -- : DRAGONFLY: GET /steam/dynamic/W1siZmYiLCIvVXNlcnMvbWFubnkvY29kZS9jbGllbnRfd2Vic2l0ZXMvdGhlYXZhdGFyLm9yZy9wdWJsaWMvdG1wL3RtcC5qcGciXSxbInAiLCJ0aHVtYiIsIjUweCJdXQ/d8f2cad38ff40eae/tmp.jpg 500
W, [2016-08-28T19:14:03.565997 #96521]  WARN -- : DRAGONFLY: caught error - Command failed ('/usr/local/bin/convert' '/Users/manny/code/client_websites/theavatar.org/public/tmp/tmp.jpg' '-resize' '500x' '/var/folders/70/8qsz1w6x2nnfv0rh08sfzdsm0000gp/T/dragonfly20160828-96521-dlegw2.jpg') with exit status 1 and stderr convert: unable to open image `/Users/manny/code/client_websites/theavatar.org/public/tmp/tmp.jpg': No such file or directory @ error/blob.c/OpenBlob/2642.
convert: no images defined `/var/folders/70/8qsz1w6x2nnfv0rh08sfzdsm0000gp/T/dragonfly20160828-96521-dlegw2.jpg' @ error/convert.c/ConvertImageCommand/3044.

I, [2016-08-28T19:14:03.566100 #96521]  INFO -- : DRAGONFLY: GET /steam/dynamic/W1siZmYiLCIvVXNlcnMvbWFubnkvY29kZS9jbGllbnRfd2Vic2l0ZXMvdGhlYXZhdGFyLm9yZy9wdWJsaWMvdG1wL3RtcC5qcGciXSxbInAiLCJ0aHVtYiIsIjUwMHgiXV0/5e0b23823d36f4f4/tmp.jpg 500
D, [2016-08-28T19:14:05.067970 #96521] DEBUG -- : DRAGONFLY: shell command: '/usr/local/bin/convert' '/Users/manny/code/client_websites/theavatar.org/public/tmp/tmp.jpg' '-resize' '50x' '/var/folders/70/8qsz1w6x2nnfv0rh08sfzdsm0000gp/T/dragonfly20160828-96521-1y39xiq.jpg'
W, [2016-08-28T19:14:05.087014 #96521]  WARN -- : DRAGONFLY: caught error - Command failed ('/usr/local/bin/convert' '/Users/manny/code/client_websites/theavatar.org/public/tmp/tmp.jpg' '-resize' '50x' '/var/folders/70/8qsz1w6x2nnfv0rh08sfzdsm0000gp/T/dragonfly20160828-96521-1y39xiq.jpg') with exit status 1 and stderr convert: unable to open image `/Users/manny/code/client_websites/theavatar.org/public/tmp/tmp.jpg': No such file or directory @ error/blob.c/OpenBlob/2642.
convert: no images defined `/var/folders/70/8qsz1w6x2nnfv0rh08sfzdsm0000gp/T/dragonfly20160828-96521-1y39xiq.jpg' @ error/convert.c/ConvertImageCommand/3044.

I, [2016-08-28T19:14:05.087141 #96521]  INFO -- : DRAGONFLY: GET /steam/dynamic/W1siZmYiLCIvVXNlcnMvbWFubnkvY29kZS9jbGllbnRfd2Vic2l0ZXMvdGhlYXZhdGFyLm9yZy9wdWJsaWMvdG1wL3RtcC5qcGciXSxbInAiLCJ0aHVtYiIsIjUweCJdXQ/d8f2cad38ff40eae/tmp.jpg 500
D, [2016-08-28T19:14:05.092426 #96521] DEBUG -- : DRAGONFLY: shell command: '/usr/local/bin/convert' '/Users/manny/code/client_websites/theavatar.org/public/tmp/tmp.jpg' '-resize' '500x' '/var/folders/70/8qsz1w6x2nnfv0rh08sfzdsm0000gp/T/dragonfly20160828-96521-vfqmbf.jpg'
W, [2016-08-28T19:14:05.113904 #96521]  WARN -- : DRAGONFLY: caught error - Command failed ('/usr/local/bin/convert' '/Users/manny/code/client_websites/theavatar.org/public/tmp/tmp.jpg' '-resize' '500x' '/var/folders/70/8qsz1w6x2nnfv0rh08sfzdsm0000gp/T/dragonfly20160828-96521-vfqmbf.jpg') with exit status 1 and stderr convert: unable to open image `/Users/manny/code/client_websites/theavatar.org/public/tmp/tmp.jpg': No such file or directory @ error/blob.c/OpenBlob/2642.
convert: no images defined `/var/folders/70/8qsz1w6x2nnfv0rh08sfzdsm0000gp/T/dragonfly20160828-96521-vfqmbf.jpg' @ error/convert.c/ConvertImageCommand/3044.

I, [2016-08-28T19:14:05.114032 #96521]  INFO -- : DRAGONFLY: GET /steam/dynamic/W1siZmYiLCIvVXNlcnMvbWFubnkvY29kZS9jbGllbnRfd2Vic2l0ZXMvdGhlYXZhdGFyLm9yZy9wdWJsaWMvdG1wL3RtcC5qcGciXSxbInAiLCJ0aHVtYiIsIjUwMHgiXV0/5e0b23823d36f4f4/tmp.jpg 500
D, [2016-08-28T19:15:02.631552 #96521] DEBUG -- : DRAGONFLY: shell command: '/usr/local/bin/convert' '/Users/manny/code/client_websites/theavatar.org/public/tmp/tmp.jpg' '-resize' '50x' '/var/folders/70/8qsz1w6x2nnfv0rh08sfzdsm0000gp/T/dragonfly20160828-96521-11b7i6o.jpg'
W, [2016-08-28T19:15:02.650122 #96521]  WARN -- : DRAGONFLY: caught error - Command failed ('/usr/local/bin/convert' '/Users/manny/code/client_websites/theavatar.org/public/tmp/tmp.jpg' '-resize' '50x' '/var/folders/70/8qsz1w6x2nnfv0rh08sfzdsm0000gp/T/dragonfly20160828-96521-11b7i6o.jpg') with exit status 1 and stderr convert: unable to open image `/Users/manny/code/client_websites/theavatar.org/public/tmp/tmp.jpg': No such file or directory @ error/blob.c/OpenBlob/2642.
convert: no images defined `/var/folders/70/8qsz1w6x2nnfv0rh08sfzdsm0000gp/T/dragonfly20160828-96521-11b7i6o.jpg' @ error/convert.c/ConvertImageCommand/3044.

I, [2016-08-28T19:15:02.650252 #96521]  INFO -- : DRAGONFLY: GET /steam/dynamic/W1siZmYiLCIvVXNlcnMvbWFubnkvY29kZS9jbGllbnRfd2Vic2l0ZXMvdGhlYXZhdGFyLm9yZy9wdWJsaWMvdG1wL3RtcC5qcGciXSxbInAiLCJ0aHVtYiIsIjUweCJdXQ/d8f2cad38ff40eae/tmp.jpg 500
D, [2016-08-28T19:15:02.715314 #96521] DEBUG -- : DRAGONFLY: shell command: '/usr/local/bin/convert' '/Users/manny/code/client_websites/theavatar.org/public/tmp/tmp.jpg' '-resize' '50x' '/var/folders/70/8qsz1w6x2nnfv0rh08sfzdsm0000gp/T/dragonfly20160828-96521-ef9hvl.jpg'
W, [2016-08-28T19:15:02.737384 #96521]  WARN -- : DRAGONFLY: caught error - Command failed ('/usr/local/bin/convert' '/Users/manny/code/client_websites/theavatar.org/public/tmp/tmp.jpg' '-resize' '50x' '/var/folders/70/8qsz1w6x2nnfv0rh08sfzdsm0000gp/T/dragonfly20160828-96521-ef9hvl.jpg') with exit status 1 and stderr convert: unable to open image `/Users/manny/code/client_websites/theavatar.org/public/tmp/tmp.jpg': No such file or directory @ error/blob.c/OpenBlob/2642.
convert: no images defined `/var/folders/70/8qsz1w6x2nnfv0rh08sfzdsm0000gp/T/dragonfly20160828-96521-ef9hvl.jpg' @ error/convert.c/ConvertImageCommand/3044.

I, [2016-08-28T19:15:02.738017 #96521]  INFO -- : DRAGONFLY: GET /steam/dynamic/W1siZmYiLCIvVXNlcnMvbWFubnkvY29kZS9jbGllbnRfd2Vic2l0ZXMvdGhlYXZhdGFyLm9yZy9wdWJsaWMvdG1wL3RtcC5qcGciXSxbInAiLCJ0aHVtYiIsIjUweCJdXQ/d8f2cad38ff40eae/tmp.jpg 500
D, [2016-08-28T19:19:46.119790 #96521] DEBUG -- : DRAGONFLY: shell command: '/usr/local/bin/convert' '/Users/manny/code/client_websites/theavatar.org/public/tmp/tmp.jpg' '-resize' '30x' '/var/folders/70/8qsz1w6x2nnfv0rh08sfzdsm0000gp/T/dragonfly20160828-96521-yq9io.jpg'
W, [2016-08-28T19:19:46.210805 #96521]  WARN -- : DRAGONFLY: caught error - Command failed ('/usr/local/bin/convert' '/Users/manny/code/client_websites/theavatar.org/public/tmp/tmp.jpg' '-resize' '30x' '/var/folders/70/8qsz1w6x2nnfv0rh08sfzdsm0000gp/T/dragonfly20160828-96521-yq9io.jpg') with exit status 1 and stderr convert: unable to open image `/Users/manny/code/client_websites/theavatar.org/public/tmp/tmp.jpg': No such file or directory @ error/blob.c/OpenBlob/2642.
convert: no images defined `/var/folders/70/8qsz1w6x2nnfv0rh08sfzdsm0000gp/T/dragonfly20160828-96521-yq9io.jpg' @ error/convert.c/ConvertImageCommand/3044.

I, [2016-08-28T19:19:46.210933 #96521]  INFO -- : DRAGONFLY: GET /steam/dynamic/W1siZmYiLCIvVXNlcnMvbWFubnkvY29kZS9jbGllbnRfd2Vic2l0ZXMvdGhlYXZhdGFyLm9yZy9wdWJsaWMvdG1wL3RtcC5qcGciXSxbInAiLCJ0aHVtYiIsIjMweCJdXQ/77fa887df43b93da/tmp.jpg 500
D, [2016-08-28T19:21:34.292469 #96521] DEBUG -- : DRAGONFLY: shell command: '/usr/local/bin/convert' '/Users/manny/code/client_websites/theavatar.org/public/tmp/tmp.jpg' '-resize' '30x' '/var/folders/70/8qsz1w6x2nnfv0rh08sfzdsm0000gp/T/dragonfly20160828-96521-ictzsw.jpg'
W, [2016-08-28T19:21:34.390670 #96521]  WARN -- : DRAGONFLY: caught error - Command failed ('/usr/local/bin/convert' '/Users/manny/code/client_websites/theavatar.org/public/tmp/tmp.jpg' '-resize' '30x' '/var/folders/70/8qsz1w6x2nnfv0rh08sfzdsm0000gp/T/dragonfly20160828-96521-ictzsw.jpg') with exit status 1 and stderr convert: unable to open image `/Users/manny/code/client_websites/theavatar.org/public/tmp/tmp.jpg': No such file or directory @ error/blob.c/OpenBlob/2642.
convert: no images defined `/var/folders/70/8qsz1w6x2nnfv0rh08sfzdsm0000gp/T/dragonfly20160828-96521-ictzsw.jpg' @ error/convert.c/ConvertImageCommand/3044.

I, [2016-08-28T19:21:34.390817 #96521]  INFO -- : DRAGONFLY: GET /steam/dynamic/W1siZmYiLCIvVXNlcnMvbWFubnkvY29kZS9jbGllbnRfd2Vic2l0ZXMvdGhlYXZhdGFyLm9yZy9wdWJsaWMvdG1wL3RtcC5qcGciXSxbInAiLCJ0aHVtYiIsIjMweCJdXQ/77fa887df43b93da/tmp.jpg 500
D, [2016-08-28T19:31:54.484922 #96521] DEBUG -- : DRAGONFLY: shell command: '/usr/local/bin/convert' '/Users/manny/code/client_websites/theavatar.org/public/tmp/tmp.jpg' '-resize' '20x' '/var/folders/70/8qsz1w6x2nnfv0rh08sfzdsm0000gp/T/dragonfly20160828-96521-hinmot.jpg'
W, [2016-08-28T19:31:54.577139 #96521]  WARN -- : DRAGONFLY: caught error - Command failed ('/usr/local/bin/convert' '/Users/manny/code/client_websites/theavatar.org/public/tmp/tmp.jpg' '-resize' '20x' '/var/folders/70/8qsz1w6x2nnfv0rh08sfzdsm0000gp/T/dragonfly20160828-96521-hinmot.jpg') with exit status 1 and stderr convert: unable to open image `/Users/manny/code/client_websites/theavatar.org/public/tmp/tmp.jpg': No such file or directory @ error/blob.c/OpenBlob/2642.
convert: no images defined `/var/folders/70/8qsz1w6x2nnfv0rh08sfzdsm0000gp/T/dragonfly20160828-96521-hinmot.jpg' @ error/convert.c/ConvertImageCommand/3044.

I, [2016-08-28T19:31:54.577771 #96521]  INFO -- : DRAGONFLY: GET /steam/dynamic/W1siZmYiLCIvVXNlcnMvbWFubnkvY29kZS9jbGllbnRfd2Vic2l0ZXMvdGhlYXZhdGFyLm9yZy9wdWJsaWMvdG1wL3RtcC5qcGciXSxbInAiLCJ0aHVtYiIsIjIweCJdXQ/01fc86c63f842a96/tmp.jpg 500
D, [2016-08-28T19:32:07.213617 #96521] DEBUG -- : DRAGONFLY: shell command: '/usr/local/bin/convert' '/Users/manny/code/client_websites/theavatar.org/public/tmp/tmp.jpg' '-resize' '20x' '/var/folders/70/8qsz1w6x2nnfv0rh08sfzdsm0000gp/T/dragonfly20160828-96521-dljsgd.jpg'
W, [2016-08-28T19:32:07.231911 #96521]  WARN -- : DRAGONFLY: caught error - Command failed ('/usr/local/bin/convert' '/Users/manny/code/client_websites/theavatar.org/public/tmp/tmp.jpg' '-resize' '20x' '/var/folders/70/8qsz1w6x2nnfv0rh08sfzdsm0000gp/T/dragonfly20160828-96521-dljsgd.jpg') with exit status 1 and stderr convert: unable to open image `/Users/manny/code/client_websites/theavatar.org/public/tmp/tmp.jpg': No such file or directory @ error/blob.c/OpenBlob/2642.
convert: no images defined `/var/folders/70/8qsz1w6x2nnfv0rh08sfzdsm0000gp/T/dragonfly20160828-96521-dljsgd.jpg' @ error/convert.c/ConvertImageCommand/3044.

I, [2016-08-28T19:32:07.232044 #96521]  INFO -- : DRAGONFLY: GET /steam/dynamic/W1siZmYiLCIvVXNlcnMvbWFubnkvY29kZS9jbGllbnRfd2Vic2l0ZXMvdGhlYXZhdGFyLm9yZy9wdWJsaWMvdG1wL3RtcC5qcGciXSxbInAiLCJ0aHVtYiIsIjIweCJdXQ/01fc86c63f842a96/tmp.jpg 500
D, [2016-08-28T19:32:07.296576 #96521] DEBUG -- : DRAGONFLY: shell command: '/usr/local/bin/convert' '/Users/manny/code/client_websites/theavatar.org/public/tmp/tmp.jpg' '-resize' '20x' '/var/folders/70/8qsz1w6x2nnfv0rh08sfzdsm0000gp/T/dragonfly20160828-96521-14vefqt.jpg'
W, [2016-08-28T19:32:07.315718 #96521]  WARN -- : DRAGONFLY: caught error - Command failed ('/usr/local/bin/convert' '/Users/manny/code/client_websites/theavatar.org/public/tmp/tmp.jpg' '-resize' '20x' '/var/folders/70/8qsz1w6x2nnfv0rh08sfzdsm0000gp/T/dragonfly20160828-96521-14vefqt.jpg') with exit status 1 and stderr convert: unable to open image `/Users/manny/code/client_websites/theavatar.org/public/tmp/tmp.jpg': No such file or directory @ error/blob.c/OpenBlob/2642.
convert: no images defined `/var/folders/70/8qsz1w6x2nnfv0rh08sfzdsm0000gp/T/dragonfly20160828-96521-14vefqt.jpg' @ error/convert.c/ConvertImageCommand/3044.

I, [2016-08-28T19:32:07.316258 #96521]  INFO -- : DRAGONFLY: GET /steam/dynamic/W1siZmYiLCIvVXNlcnMvbWFubnkvY29kZS9jbGllbnRfd2Vic2l0ZXMvdGhlYXZhdGFyLm9yZy9wdWJsaWMvdG1wL3RtcC5qcGciXSxbInAiLCJ0aHVtYiIsIjIweCJdXQ/01fc86c63f842a96/tmp.jpg 500
D, [2016-08-28T19:42:33.723831 #96521] DEBUG -- : DRAGONFLY: shell command: '/usr/local/bin/convert' '/Users/manny/code/client_websites/theavatar.org/public/tmp/tmp.jpg' '-resize' '20x' '/var/folders/70/8qsz1w6x2nnfv0rh08sfzdsm0000gp/T/dragonfly20160828-96521-1qzgb1h.jpg'
W, [2016-08-28T19:42:33.819773 #96521]  WARN -- : DRAGONFLY: caught error - Command failed ('/usr/local/bin/convert' '/Users/manny/code/client_websites/theavatar.org/public/tmp/tmp.jpg' '-resize' '20x' '/var/folders/70/8qsz1w6x2nnfv0rh08sfzdsm0000gp/T/dragonfly20160828-96521-1qzgb1h.jpg') with exit status 1 and stderr convert: unable to open image `/Users/manny/code/client_websites/theavatar.org/public/tmp/tmp.jpg': No such file or directory @ error/blob.c/OpenBlob/2642.
convert: no images defined `/var/folders/70/8qsz1w6x2nnfv0rh08sfzdsm0000gp/T/dragonfly20160828-96521-1qzgb1h.jpg' @ error/convert.c/ConvertImageCommand/3044.

I, [2016-08-28T19:42:33.819912 #96521]  INFO -- : DRAGONFLY: GET /steam/dynamic/W1siZmYiLCIvVXNlcnMvbWFubnkvY29kZS9jbGllbnRfd2Vic2l0ZXMvdGhlYXZhdGFyLm9yZy9wdWJsaWMvdG1wL3RtcC5qcGciXSxbInAiLCJ0aHVtYiIsIjIweCJdXQ/01fc86c63f842a96/tmp.jpg 500
D, [2016-08-28T19:43:08.557563 #96521] DEBUG -- : DRAGONFLY: shell command: '/usr/local/bin/convert' '/Users/manny/code/client_websites/theavatar.org/public/tmp/tmp.jpg' '-resize' '20x' '/var/folders/70/8qsz1w6x2nnfv0rh08sfzdsm0000gp/T/dragonfly20160828-96521-13hsvxh.jpg'
W, [2016-08-28T19:43:08.576076 #96521]  WARN -- : DRAGONFLY: caught error - Command failed ('/usr/local/bin/convert' '/Users/manny/code/client_websites/theavatar.org/public/tmp/tmp.jpg' '-resize' '20x' '/var/folders/70/8qsz1w6x2nnfv0rh08sfzdsm0000gp/T/dragonfly20160828-96521-13hsvxh.jpg') with exit status 1 and stderr convert: unable to open image `/Users/manny/code/client_websites/theavatar.org/public/tmp/tmp.jpg': No such file or directory @ error/blob.c/OpenBlob/2642.
convert: no images defined `/var/folders/70/8qsz1w6x2nnfv0rh08sfzdsm0000gp/T/dragonfly20160828-96521-13hsvxh.jpg' @ error/convert.c/ConvertImageCommand/3044.

I, [2016-08-28T19:43:08.576207 #96521]  INFO -- : DRAGONFLY: GET /steam/dynamic/W1siZmYiLCIvVXNlcnMvbWFubnkvY29kZS9jbGllbnRfd2Vic2l0ZXMvdGhlYXZhdGFyLm9yZy9wdWJsaWMvdG1wL3RtcC5qcGciXSxbInAiLCJ0aHVtYiIsIjIweCJdXQ/01fc86c63f842a96/tmp.jpg 500
D, [2016-08-28T19:43:08.656484 #96521] DEBUG -- : DRAGONFLY: shell command: '/usr/local/bin/convert' '/Users/manny/code/client_websites/theavatar.org/public/tmp/tmp.jpg' '-resize' '20x' '/var/folders/70/8qsz1w6x2nnfv0rh08sfzdsm0000gp/T/dragonfly20160828-96521-1q9y0wi.jpg'
W, [2016-08-28T19:43:08.676374 #96521]  WARN -- : DRAGONFLY: caught error - Command failed ('/usr/local/bin/convert' '/Users/manny/code/client_websites/theavatar.org/public/tmp/tmp.jpg' '-resize' '20x' '/var/folders/70/8qsz1w6x2nnfv0rh08sfzdsm0000gp/T/dragonfly20160828-96521-1q9y0wi.jpg') with exit status 1 and stderr convert: unable to open image `/Users/manny/code/client_websites/theavatar.org/public/tmp/tmp.jpg': No such file or directory @ error/blob.c/OpenBlob/2642.
convert: no images defined `/var/folders/70/8qsz1w6x2nnfv0rh08sfzdsm0000gp/T/dragonfly20160828-96521-1q9y0wi.jpg' @ error/convert.c/ConvertImageCommand/3044.

I, [2016-08-28T19:43:08.676527 #96521]  INFO -- : DRAGONFLY: GET /steam/dynamic/W1siZmYiLCIvVXNlcnMvbWFubnkvY29kZS9jbGllbnRfd2Vic2l0ZXMvdGhlYXZhdGFyLm9yZy9wdWJsaWMvdG1wL3RtcC5qcGciXSxbInAiLCJ0aHVtYiIsIjIweCJdXQ/01fc86c63f842a96/tmp.jpg 500
D, [2016-08-28T19:44:14.997828 #96521] DEBUG -- : DRAGONFLY: shell command: '/usr/local/bin/convert' '/Users/manny/code/client_websites/theavatar.org/public/tmp/tmp.jpg' '-resize' '20x' '/var/folders/70/8qsz1w6x2nnfv0rh08sfzdsm0000gp/T/dragonfly20160828-96521-333lrl.jpg'
W, [2016-08-28T19:44:15.088484 #96521]  WARN -- : DRAGONFLY: caught error - Command failed ('/usr/local/bin/convert' '/Users/manny/code/client_websites/theavatar.org/public/tmp/tmp.jpg' '-resize' '20x' '/var/folders/70/8qsz1w6x2nnfv0rh08sfzdsm0000gp/T/dragonfly20160828-96521-333lrl.jpg') with exit status 1 and stderr convert: unable to open image `/Users/manny/code/client_websites/theavatar.org/public/tmp/tmp.jpg': No such file or directory @ error/blob.c/OpenBlob/2642.
convert: no images defined `/var/folders/70/8qsz1w6x2nnfv0rh08sfzdsm0000gp/T/dragonfly20160828-96521-333lrl.jpg' @ error/convert.c/ConvertImageCommand/3044.

I, [2016-08-28T19:44:15.088623 #96521]  INFO -- : DRAGONFLY: GET /steam/dynamic/W1siZmYiLCIvVXNlcnMvbWFubnkvY29kZS9jbGllbnRfd2Vic2l0ZXMvdGhlYXZhdGFyLm9yZy9wdWJsaWMvdG1wL3RtcC5qcGciXSxbInAiLCJ0aHVtYiIsIjIweCJdXQ/01fc86c63f842a96/tmp.jpg 500
D, [2016-08-28T19:46:12.884174 #96521] DEBUG -- : DRAGONFLY: shell command: '/usr/local/bin/convert' '/Users/manny/code/client_websites/theavatar.org/public/tmp/tmp.jpg' '-resize' '20x' '/var/folders/70/8qsz1w6x2nnfv0rh08sfzdsm0000gp/T/dragonfly20160828-96521-1jjnbcs.jpg'
W, [2016-08-28T19:46:12.902794 #96521]  WARN -- : DRAGONFLY: caught error - Command failed ('/usr/local/bin/convert' '/Users/manny/code/client_websites/theavatar.org/public/tmp/tmp.jpg' '-resize' '20x' '/var/folders/70/8qsz1w6x2nnfv0rh08sfzdsm0000gp/T/dragonfly20160828-96521-1jjnbcs.jpg') with exit status 1 and stderr convert: unable to open image `/Users/manny/code/client_websites/theavatar.org/public/tmp/tmp.jpg': No such file or directory @ error/blob.c/OpenBlob/2642.
convert: no images defined `/var/folders/70/8qsz1w6x2nnfv0rh08sfzdsm0000gp/T/dragonfly20160828-96521-1jjnbcs.jpg' @ error/convert.c/ConvertImageCommand/3044.

I, [2016-08-28T19:46:12.902933 #96521]  INFO -- : DRAGONFLY: GET /steam/dynamic/W1siZmYiLCIvVXNlcnMvbWFubnkvY29kZS9jbGllbnRfd2Vic2l0ZXMvdGhlYXZhdGFyLm9yZy9wdWJsaWMvdG1wL3RtcC5qcGciXSxbInAiLCJ0aHVtYiIsIjIweCJdXQ/01fc86c63f842a96/tmp.jpg 500
D, [2016-08-28T19:46:12.978673 #96521] DEBUG -- : DRAGONFLY: shell command: '/usr/local/bin/convert' '/Users/manny/code/client_websites/theavatar.org/public/tmp/tmp.jpg' '-resize' '20x' '/var/folders/70/8qsz1w6x2nnfv0rh08sfzdsm0000gp/T/dragonfly20160828-96521-rv92sa.jpg'
W, [2016-08-28T19:46:12.999052 #96521]  WARN -- : DRAGONFLY: caught error - Command failed ('/usr/local/bin/convert' '/Users/manny/code/client_websites/theavatar.org/public/tmp/tmp.jpg' '-resize' '20x' '/var/folders/70/8qsz1w6x2nnfv0rh08sfzdsm0000gp/T/dragonfly20160828-96521-rv92sa.jpg') with exit status 1 and stderr convert: unable to open image `/Users/manny/code/client_websites/theavatar.org/public/tmp/tmp.jpg': No such file or directory @ error/blob.c/OpenBlob/2642.
convert: no images defined `/var/folders/70/8qsz1w6x2nnfv0rh08sfzdsm0000gp/T/dragonfly20160828-96521-rv92sa.jpg' @ error/convert.c/ConvertImageCommand/3044.

I, [2016-08-28T19:46:12.999159 #96521]  INFO -- : DRAGONFLY: GET /steam/dynamic/W1siZmYiLCIvVXNlcnMvbWFubnkvY29kZS9jbGllbnRfd2Vic2l0ZXMvdGhlYXZhdGFyLm9yZy9wdWJsaWMvdG1wL3RtcC5qcGciXSxbInAiLCJ0aHVtYiIsIjIweCJdXQ/01fc86c63f842a96/tmp.jpg 500
D, [2016-08-28T19:51:23.193200 #96521] DEBUG -- : DRAGONFLY: shell command: '/usr/local/bin/convert' '/Users/manny/code/client_websites/theavatar.org/public/tmp/tmp.jpg' '-resize' '20x' '/var/folders/70/8qsz1w6x2nnfv0rh08sfzdsm0000gp/T/dragonfly20160828-96521-zs6588.jpg'
W, [2016-08-28T19:51:23.279435 #96521]  WARN -- : DRAGONFLY: caught error - Command failed ('/usr/local/bin/convert' '/Users/manny/code/client_websites/theavatar.org/public/tmp/tmp.jpg' '-resize' '20x' '/var/folders/70/8qsz1w6x2nnfv0rh08sfzdsm0000gp/T/dragonfly20160828-96521-zs6588.jpg') with exit status 1 and stderr convert: unable to open image `/Users/manny/code/client_websites/theavatar.org/public/tmp/tmp.jpg': No such file or directory @ error/blob.c/OpenBlob/2642.
convert: no images defined `/var/folders/70/8qsz1w6x2nnfv0rh08sfzdsm0000gp/T/dragonfly20160828-96521-zs6588.jpg' @ error/convert.c/ConvertImageCommand/3044.

I, [2016-08-28T19:51:23.279561 #96521]  INFO -- : DRAGONFLY: GET /steam/dynamic/W1siZmYiLCIvVXNlcnMvbWFubnkvY29kZS9jbGllbnRfd2Vic2l0ZXMvdGhlYXZhdGFyLm9yZy9wdWJsaWMvdG1wL3RtcC5qcGciXSxbInAiLCJ0aHVtYiIsIjIweCJdXQ/01fc86c63f842a96/tmp.jpg 500
D, [2016-08-28T19:58:15.349412 #96521] DEBUG -- : DRAGONFLY: shell command: '/usr/local/bin/convert' '/Users/manny/code/client_websites/theavatar.org/public/tmp/tmp.jpg' '-resize' '20x' '/var/folders/70/8qsz1w6x2nnfv0rh08sfzdsm0000gp/T/dragonfly20160828-96521-1wq8bm3.jpg'
W, [2016-08-28T19:58:15.436843 #96521]  WARN -- : DRAGONFLY: caught error - Command failed ('/usr/local/bin/convert' '/Users/manny/code/client_websites/theavatar.org/public/tmp/tmp.jpg' '-resize' '20x' '/var/folders/70/8qsz1w6x2nnfv0rh08sfzdsm0000gp/T/dragonfly20160828-96521-1wq8bm3.jpg') with exit status 1 and stderr convert: unable to open image `/Users/manny/code/client_websites/theavatar.org/public/tmp/tmp.jpg': No such file or directory @ error/blob.c/OpenBlob/2642.
convert: no images defined `/var/folders/70/8qsz1w6x2nnfv0rh08sfzdsm0000gp/T/dragonfly20160828-96521-1wq8bm3.jpg' @ error/convert.c/ConvertImageCommand/3044.

I, [2016-08-28T19:58:15.436988 #96521]  INFO -- : DRAGONFLY: GET /steam/dynamic/W1siZmYiLCIvVXNlcnMvbWFubnkvY29kZS9jbGllbnRfd2Vic2l0ZXMvdGhlYXZhdGFyLm9yZy9wdWJsaWMvdG1wL3RtcC5qcGciXSxbInAiLCJ0aHVtYiIsIjIweCJdXQ/01fc86c63f842a96/tmp.jpg 500
